Line 51: Class FPSpreadADO.fpSpread of control grdSelectPush was not a loaded control class.
Line 74: Class MSComDlg.CommonDialog of control CommonDialog1 was not a loaded control class.
Line 81: Class SOTACalendarControl.SOTACalendar of control CustomDate was not a loaded control class.
Line 170: Class MSComCtl2.UpDown of control CustomSpin was not a loaded control class.
Line 184: Class NEWSOTALib.SOTACurrency of control CustomCurrency was not a loaded control class.
Line 212: Class NEWSOTALib.SOTANumber of control CustomNumber was not a loaded control class.
Line 240: Class NEWSOTALib.SOTAMaskedEdit of control CustomMask was not a loaded control class.
Line 265: Class NEWSOTALib.SOTACustomizer of control picDrag was not a loaded control class.
Line 279: Class SOTAToolbarControl.SOTAToolbar of control tbrMain was not a loaded control class.
Line 303: Class StatusBar.SOTAStatusBar of control sbrMain was not a loaded control class.
Line 58: The property name _Version in grdSelectPush is invalid.
Line 59: The property name _ExtentX in grdSelectPush is invalid.
Line 60: The property name _ExtentY in grdSelectPush is invalid.
Line 61: The property name _StockProps in grdSelectPush is invalid.
Line 71: The property name SpreadDesigner in grdSelectPush is invalid.
Line 72: The property name AppearanceStyle in grdSelectPush is invalid.
Line 77: The property name _ExtentX in CommonDialog1 is invalid.
Line 78: The property name _ExtentY in CommonDialog1 is invalid.
Line 79: The property name _Version in CommonDialog1 is invalid.
Line 90: The property name _ExtentX in CustomDate is invalid.
Line 91: The property name _ExtentY in CustomDate is invalid.
Line 103: The property name MaskedText in CustomDate is invalid.
Line 104: The property name Protected in CustomDate is invalid.
Line 105: The property name Text in CustomDate is invalid.
Line 179: The property name _ExtentX in CustomSpin is invalid.
Line 180: The property name _ExtentY in CustomSpin is invalid.
Line 181: The property name _Version in CustomSpin is invalid.
Line 194: The property name _Version in CustomCurrency is invalid.
Line 195: The property name _ExtentX in CustomCurrency is invalid.
Line 196: The property name _ExtentY in CustomCurrency is invalid.
Line 197: The property name _StockProps in CustomCurrency is invalid.
Line 208: The property name mask in CustomCurrency is invalid.
Line 209: The property name text in CustomCurrency is invalid.
Line 210: The property name sDecimalPlaces in CustomCurrency is invalid.
Line 222: The property name _Version in CustomNumber is invalid.
Line 223: The property name _ExtentX in CustomNumber is invalid.
Line 224: The property name _ExtentY in CustomNumber is invalid.
Line 225: The property name _StockProps in CustomNumber is invalid.
Line 236: The property name mask in CustomNumber is invalid.
Line 237: The property name text in CustomNumber is invalid.
Line 238: The property name sDecimalPlaces in CustomNumber is invalid.
Line 250: The property name _Version in CustomMask is invalid.
Line 251: The property name _ExtentX in CustomMask is invalid.
Line 252: The property name _ExtentY in CustomMask is invalid.
Line 253: The property name _StockProps in CustomMask is invalid.
Line 274: The property name _Version in picDrag is invalid.
Line 275: The property name _ExtentX in picDrag is invalid.
Line 276: The property name _ExtentY in picDrag is invalid.
Line 277: The property name _StockProps in picDrag is invalid.
Line 288: The property name _ExtentX in tbrMain is invalid.
Line 289: The property name _ExtentY in tbrMain is invalid.
Line 290: The property name Style in tbrMain is invalid.
Line 310: The property name _ExtentX in sbrMain is invalid.
Line 311: The property name _ExtentY in sbrMain is invalid.
Line 312: The property name BrowseVisible in sbrMain is invalid.
Line 313: The property name UserNameVisible in sbrMain is invalid.
Line 314: The property name CompanyIDVisible in sbrMain is invalid.
Line 315: The property name BusinessDateVisible in sbrMain is invalid.
Line 316: The property name StatusVisible in sbrMain is invalid.
